2022-01-14 08:29:34,574 [restartedMain] WARN  o.springframework.boot.StartupInfoLogger           - InetAddress.getLocalHost().getHostName() took 5005 milliseconds to respond. Please verify your network configuration (macOS machines may need to add entries to /etc/hosts).
2022-01-14 08:29:39,587 [restartedMain] INFO  c.s.SpringBootSecondMiniProjectApplication         - Starting SpringBootSecondMiniProjectApplication using Java 1.8.0_271 on Sreshs-MacBook-Air.local with PID 52007 (/Users/sresh/eclipse-workspace/SpringBoot-Second-MiniProject-ForgotPassword/target/classes started by sresh in /Users/sresh/eclipse-workspace/SpringBoot-Second-MiniProject-ForgotPassword)
2022-01-14 08:29:39,589 [restartedMain] INFO  c.s.SpringBootSecondMiniProjectApplication         - No active profile set, falling back to default profiles: default
2022-01-14 08:29:39,647 [restartedMain] INFO  o.s.b.d.e.DevToolsPropertyDefaultsPostProcessor    - Devtools property defaults active! Set 'spring.devtools.add-properties' to 'false' to disable
2022-01-14 08:29:39,648 [restartedMain] INFO  o.s.b.d.e.DevToolsPropertyDefaultsPostProcessor    - For additional web related logging consider setting the 'logging.level.web' property to 'DEBUG'
2022-01-14 08:29:40,513 [restartedMain] INFO  o.s.d.r.c.RepositoryConfigurationDelegate          - Bootstrapping Spring Data JPA repositories in DEFAULT mode.
2022-01-14 08:29:40,572 [restartedMain] INFO  o.s.d.r.c.RepositoryConfigurationDelegate          - Finished Spring Data repository scanning in 49 ms. Found 1 JPA repository interfaces.
2022-01-14 08:29:41,245 [restartedMain] INFO  o.s.b.w.embedded.tomcat.TomcatWebServer            - Tomcat initialized with port(s): 9094 (http)
2022-01-14 08:29:41,256 [restartedMain] INFO  o.apache.coyote.http11.Http11NioProtocol           - Initializing ProtocolHandler ["http-nio-9094"]
2022-01-14 08:29:41,256 [restartedMain] INFO  org.apache.catalina.core.StandardService           - Starting service [Tomcat]
2022-01-14 08:29:41,257 [restartedMain] INFO  org.apache.catalina.core.StandardEngine            - Starting Servlet engine: [Apache Tomcat/9.0.48]
2022-01-14 08:29:41,338 [restartedMain] INFO  o.a.c.c.C.[Tomcat].[localhost].[/]                 - Initializing Spring embedded WebApplicationContext
2022-01-14 08:29:41,339 [restartedMain] INFO  o.s.b.w.s.c.ServletWebServerApplicationContext     - Root WebApplicationContext: initialization completed in 1691 ms
2022-01-14 08:29:41,644 [restartedMain] INFO  o.hibernate.jpa.internal.util.LogHelper            - HHH000204: Processing PersistenceUnitInfo [name: default]
2022-01-14 08:29:41,691 [restartedMain] INFO  org.hibernate.Version                              - HHH000412: Hibernate ORM core version 5.4.32.Final
2022-01-14 08:29:41,851 [restartedMain] INFO  org.hibernate.annotations.common.Version           - HCANN000001: Hibernate Commons Annotations {5.1.2.Final}
2022-01-14 08:29:41,992 [restartedMain] INFO  com.zaxxer.hikari.HikariDataSource                 - HikariPool-1 - Starting...
2022-01-14 08:29:42,501 [restartedMain] INFO  com.zaxxer.hikari.HikariDataSource                 - HikariPool-1 - Start completed.
2022-01-14 08:29:42,533 [restartedMain] INFO  org.hibernate.dialect.Dialect                      - HHH000400: Using dialect: org.hibernate.dialect.MySQL8Dialect
2022-01-14 08:29:43,292 [restartedMain] INFO  o.h.e.t.j.p.i.JtaPlatformInitiator                 - HHH000490: Using JtaPlatform implementation: [org.hibernate.engine.transaction.jta.platform.internal.NoJtaPlatform]
2022-01-14 08:29:43,302 [restartedMain] INFO  o.s.o.j.LocalContainerEntityManagerFactoryBean     - Initialized JPA EntityManagerFactory for persistence unit 'default'
2022-01-14 08:29:43,707 [restartedMain] WARN  o.s.b.w.s.c.AnnotationConfigServletWebServerApplicationContext - Exception encountered during context initialization - cancelling refresh attempt: org.springframework.beans.factory.UnsatisfiedDependencyException: Error creating bean with name 'forgotController': Unsatisfied dependency expressed through field 'service'; nested exception is org.springframework.beans.factory.UnsatisfiedDependencyException: Error creating bean with name 'forgotServiceImpl': Unsatisfied dependency expressed through field 'props'; nested exception is org.springframework.boot.context.properties.ConfigurationPropertiesBindException: Error creating bean with name 'appsProps': Could not bind properties to 'AppsProps' : prefix=forgotPassword-app, ignoreInvalidFields=false, ignoreUnknownFields=true; nested exception is org.springframework.boot.context.properties.source.InvalidConfigurationPropertyNameException: Configuration property name 'forgotPassword-app' is not valid
2022-01-14 08:29:43,708 [restartedMain] INFO  o.s.o.j.LocalContainerEntityManagerFactoryBean     - Closing JPA EntityManagerFactory for persistence unit 'default'
2022-01-14 08:29:43,715 [restartedMain] INFO  com.zaxxer.hikari.HikariDataSource                 - HikariPool-1 - Shutdown initiated...
2022-01-14 08:29:43,734 [restartedMain] INFO  com.zaxxer.hikari.HikariDataSource                 - HikariPool-1 - Shutdown completed.
2022-01-14 08:29:43,737 [restartedMain] INFO  org.apache.catalina.core.StandardService           - Stopping service [Tomcat]
2022-01-14 08:29:43,980 [restartedMain] INFO  o.s.b.a.l.ConditionEvaluationReportLoggingListener - 

Error starting ApplicationContext. To display the conditions report re-run your application with 'debug' enabled.
2022-01-14 08:29:43,999 [restartedMain] ERROR o.s.b.d.LoggingFailureAnalysisReporter             - 

***************************
APPLICATION FAILED TO START
***************************

Description:

Configuration property name 'forgotPassword-app' is not valid:

    Invalid characters: 'P'
    Bean: forgotController
    Reason: Canonical names should be kebab-case ('-' separated), lowercase alpha-numeric characters and must start with a letter

Action:

Modify 'forgotPassword-app' so that it conforms to the canonical names requirements.

2022-01-14 08:33:06,754 [restartedMain] WARN  o.springframework.boot.StartupInfoLogger           - InetAddress.getLocalHost().getHostName() took 5002 milliseconds to respond. Please verify your network configuration (macOS machines may need to add entries to /etc/hosts).
2022-01-14 08:33:11,767 [restartedMain] INFO  c.s.SpringBootSecondMiniProjectApplication         - Starting SpringBootSecondMiniProjectApplication using Java 1.8.0_271 on Sreshs-MacBook-Air.local with PID 54145 (/Users/sresh/eclipse-workspace/SpringBoot-Second-MiniProject-ForgotPassword/target/classes started by sresh in /Users/sresh/eclipse-workspace/SpringBoot-Second-MiniProject-ForgotPassword)
2022-01-14 08:33:11,769 [restartedMain] INFO  c.s.SpringBootSecondMiniProjectApplication         - No active profile set, falling back to default profiles: default
2022-01-14 08:33:11,821 [restartedMain] INFO  o.s.b.d.e.DevToolsPropertyDefaultsPostProcessor    - Devtools property defaults active! Set 'spring.devtools.add-properties' to 'false' to disable
2022-01-14 08:33:11,821 [restartedMain] INFO  o.s.b.d.e.DevToolsPropertyDefaultsPostProcessor    - For additional web related logging consider setting the 'logging.level.web' property to 'DEBUG'
2022-01-14 08:33:12,635 [restartedMain] INFO  o.s.d.r.c.RepositoryConfigurationDelegate          - Bootstrapping Spring Data JPA repositories in DEFAULT mode.
2022-01-14 08:33:12,696 [restartedMain] INFO  o.s.d.r.c.RepositoryConfigurationDelegate          - Finished Spring Data repository scanning in 50 ms. Found 1 JPA repository interfaces.
2022-01-14 08:33:13,338 [restartedMain] INFO  o.s.b.w.embedded.tomcat.TomcatWebServer            - Tomcat initialized with port(s): 9094 (http)
2022-01-14 08:33:13,349 [restartedMain] INFO  o.apache.coyote.http11.Http11NioProtocol           - Initializing ProtocolHandler ["http-nio-9094"]
2022-01-14 08:33:13,350 [restartedMain] INFO  org.apache.catalina.core.StandardService           - Starting service [Tomcat]
2022-01-14 08:33:13,350 [restartedMain] INFO  org.apache.catalina.core.StandardEngine            - Starting Servlet engine: [Apache Tomcat/9.0.48]
2022-01-14 08:33:13,425 [restartedMain] INFO  o.a.c.c.C.[Tomcat].[localhost].[/]                 - Initializing Spring embedded WebApplicationContext
2022-01-14 08:33:13,425 [restartedMain] INFO  o.s.b.w.s.c.ServletWebServerApplicationContext     - Root WebApplicationContext: initialization completed in 1603 ms
2022-01-14 08:33:13,716 [restartedMain] INFO  o.hibernate.jpa.internal.util.LogHelper            - HHH000204: Processing PersistenceUnitInfo [name: default]
2022-01-14 08:33:13,762 [restartedMain] INFO  org.hibernate.Version                              - HHH000412: Hibernate ORM core version 5.4.32.Final
2022-01-14 08:33:13,901 [restartedMain] INFO  org.hibernate.annotations.common.Version           - HCANN000001: Hibernate Commons Annotations {5.1.2.Final}
2022-01-14 08:33:14,027 [restartedMain] INFO  com.zaxxer.hikari.HikariDataSource                 - HikariPool-1 - Starting...
2022-01-14 08:33:14,578 [restartedMain] INFO  com.zaxxer.hikari.HikariDataSource                 - HikariPool-1 - Start completed.
2022-01-14 08:33:14,623 [restartedMain] INFO  org.hibernate.dialect.Dialect                      - HHH000400: Using dialect: org.hibernate.dialect.MySQL8Dialect
2022-01-14 08:33:15,586 [restartedMain] INFO  o.h.e.t.j.p.i.JtaPlatformInitiator                 - HHH000490: Using JtaPlatform implementation: [org.hibernate.engine.transaction.jta.platform.internal.NoJtaPlatform]
2022-01-14 08:33:15,596 [restartedMain] INFO  o.s.o.j.LocalContainerEntityManagerFactoryBean     - Initialized JPA EntityManagerFactory for persistence unit 'default'
2022-01-14 08:33:16,444 [restartedMain] WARN  o.s.b.a.o.j.JpaBaseConfiguration$JpaWebConfiguration - spring.jpa.open-in-view is enabled by default. Therefore, database queries may be performed during view rendering. Explicitly configure spring.jpa.open-in-view to disable this warning
2022-01-14 08:33:16,621 [restartedMain] INFO  s.d.s.w.PropertySourcedRequestMappingHandlerMapping - Mapped URL path [/v2/api-docs] onto method [springfox.documentation.swagger2.web.Swagger2Controller#getDocumentation(String, HttpServletRequest)]
2022-01-14 08:33:16,779 [restartedMain] INFO  o.s.b.d.a.OptionalLiveReloadServer                 - LiveReload server is running on port 35729
2022-01-14 08:33:16,970 [restartedMain] INFO  o.apache.coyote.http11.Http11NioProtocol           - Starting ProtocolHandler ["http-nio-9094"]
2022-01-14 08:33:16,992 [restartedMain] INFO  o.s.b.w.embedded.tomcat.TomcatWebServer            - Tomcat started on port(s): 9094 (http) with context path ''
2022-01-14 08:33:16,993 [restartedMain] INFO  s.d.s.w.p.DocumentationPluginsBootstrapper         - Context refreshed
2022-01-14 08:33:17,016 [restartedMain] INFO  s.d.s.w.p.DocumentationPluginsBootstrapper         - Found 1 custom documentation plugin(s)
2022-01-14 08:33:17,049 [restartedMain] INFO  s.d.s.w.s.ApiListingReferenceScanner               - Scanning for api listing references
2022-01-14 08:33:17,150 [restartedMain] INFO  c.s.SpringBootSecondMiniProjectApplication         - Started SpringBootSecondMiniProjectApplication in 25.843 seconds (JVM running for 31.88)
2022-01-14 08:33:39,765 [http-nio-9094-exec-1] INFO  o.a.c.c.C.[Tomcat].[localhost].[/]                 - Initializing Spring DispatcherServlet 'dispatcherServlet'
2022-01-14 08:33:39,767 [http-nio-9094-exec-1] INFO  o.s.web.servlet.DispatcherServlet                  - Initializing Servlet 'dispatcherServlet'
2022-01-14 08:33:39,770 [http-nio-9094-exec-1] INFO  o.s.web.servlet.DispatcherServlet                  - Completed initialization in 3 ms
2022-01-14 08:36:40,064 [http-nio-9094-exec-5] WARN  o.s.w.s.m.s.DefaultHandlerExceptionResolver        - Resolved [org.springframework.web.bind.MissingPathVariableException: Required URI template variable 'email' for method parameter type String is not present]
2022-01-14 08:37:05,439 [Thread-5] INFO  o.s.o.j.LocalContainerEntityManagerFactoryBean     - Closing JPA EntityManagerFactory for persistence unit 'default'
2022-01-14 08:37:05,444 [Thread-5] INFO  com.zaxxer.hikari.HikariDataSource                 - HikariPool-1 - Shutdown initiated...
2022-01-14 08:37:05,455 [Thread-5] INFO  com.zaxxer.hikari.HikariDataSource                 - HikariPool-1 - Shutdown completed.
2022-01-14 08:37:20,710 [restartedMain] WARN  o.springframework.boot.StartupInfoLogger           - InetAddress.getLocalHost().getHostName() took 5006 milliseconds to respond. Please verify your network configuration (macOS machines may need to add entries to /etc/hosts).
2022-01-14 08:37:25,713 [restartedMain] INFO  c.s.SpringBootSecondMiniProjectApplication         - Starting SpringBootSecondMiniProjectApplication using Java 1.8.0_271 on Sreshs-MacBook-Air.local with PID 54145 (/Users/sresh/eclipse-workspace/SpringBoot-Second-MiniProject-ForgotPassword/target/classes started by sresh in /Users/sresh/eclipse-workspace/SpringBoot-Second-MiniProject-ForgotPassword)
2022-01-14 08:37:25,713 [restartedMain] INFO  c.s.SpringBootSecondMiniProjectApplication         - No active profile set, falling back to default profiles: default
2022-01-14 08:37:25,992 [restartedMain] INFO  o.s.d.r.c.RepositoryConfigurationDelegate          - Bootstrapping Spring Data JPA repositories in DEFAULT mode.
2022-01-14 08:37:26,001 [restartedMain] INFO  o.s.d.r.c.RepositoryConfigurationDelegate          - Finished Spring Data repository scanning in 8 ms. Found 1 JPA repository interfaces.
2022-01-14 08:37:26,153 [restartedMain] INFO  o.s.b.w.embedded.tomcat.TomcatWebServer            - Tomcat initialized with port(s): 9094 (http)
2022-01-14 08:37:26,155 [restartedMain] INFO  o.apache.coyote.http11.Http11NioProtocol           - Initializing ProtocolHandler ["http-nio-9094"]
2022-01-14 08:37:26,156 [restartedMain] INFO  org.apache.catalina.core.StandardService           - Starting service [Tomcat]
2022-01-14 08:37:26,157 [restartedMain] INFO  org.apache.catalina.core.StandardEngine            - Starting Servlet engine: [Apache Tomcat/9.0.48]
2022-01-14 08:37:26,167 [restartedMain] INFO  o.a.c.c.C.[Tomcat].[localhost].[/]                 - Initializing Spring embedded WebApplicationContext
2022-01-14 08:37:26,167 [restartedMain] INFO  o.s.b.w.s.c.ServletWebServerApplicationContext     - Root WebApplicationContext: initialization completed in 448 ms
2022-01-14 08:37:26,233 [restartedMain] INFO  o.hibernate.jpa.internal.util.LogHelper            - HHH000204: Processing PersistenceUnitInfo [name: default]
2022-01-14 08:37:26,239 [restartedMain] INFO  com.zaxxer.hikari.HikariDataSource                 - HikariPool-2 - Starting...
2022-01-14 08:37:26,268 [restartedMain] INFO  com.zaxxer.hikari.HikariDataSource                 - HikariPool-2 - Start completed.
2022-01-14 08:37:26,269 [restartedMain] INFO  org.hibernate.dialect.Dialect                      - HHH000400: Using dialect: org.hibernate.dialect.MySQL8Dialect
2022-01-14 08:37:26,341 [restartedMain] INFO  o.h.e.t.j.p.i.JtaPlatformInitiator                 - HHH000490: Using JtaPlatform implementation: [org.hibernate.engine.transaction.jta.platform.internal.NoJtaPlatform]
2022-01-14 08:37:26,343 [restartedMain] INFO  o.s.o.j.LocalContainerEntityManagerFactoryBean     - Initialized JPA EntityManagerFactory for persistence unit 'default'
2022-01-14 08:37:26,588 [restartedMain] WARN  o.s.b.a.o.j.JpaBaseConfiguration$JpaWebConfiguration - spring.jpa.open-in-view is enabled by default. Therefore, database queries may be performed during view rendering. Explicitly configure spring.jpa.open-in-view to disable this warning
2022-01-14 08:37:26,673 [restartedMain] INFO  s.d.s.w.PropertySourcedRequestMappingHandlerMapping - Mapped URL path [/v2/api-docs] onto method [springfox.documentation.swagger2.web.Swagger2Controller#getDocumentation(String, HttpServletRequest)]
2022-01-14 08:37:26,746 [restartedMain] INFO  o.s.b.d.a.OptionalLiveReloadServer                 - LiveReload server is running on port 35729
2022-01-14 08:37:26,863 [restartedMain] INFO  o.apache.coyote.http11.Http11NioProtocol           - Starting ProtocolHandler ["http-nio-9094"]
2022-01-14 08:37:26,868 [restartedMain] INFO  o.s.b.w.embedded.tomcat.TomcatWebServer            - Tomcat started on port(s): 9094 (http) with context path ''
2022-01-14 08:37:26,869 [restartedMain] INFO  s.d.s.w.p.DocumentationPluginsBootstrapper         - Context refreshed
2022-01-14 08:37:26,870 [restartedMain] INFO  s.d.s.w.p.DocumentationPluginsBootstrapper         - Found 1 custom documentation plugin(s)
2022-01-14 08:37:26,881 [restartedMain] INFO  s.d.s.w.s.ApiListingReferenceScanner               - Scanning for api listing references
2022-01-14 08:37:26,902 [restartedMain] INFO  c.s.SpringBootSecondMiniProjectApplication         - Started SpringBootSecondMiniProjectApplication in 21.257 seconds (JVM running for 281.624)
2022-01-14 08:37:26,906 [restartedMain] INFO  o.s.b.d.a.ConditionEvaluationDeltaLoggingListener  - Condition evaluation unchanged
2022-01-14 08:37:28,288 [Thread-8] INFO  o.s.o.j.LocalContainerEntityManagerFactoryBean     - Closing JPA EntityManagerFactory for persistence unit 'default'
2022-01-14 08:37:28,290 [Thread-8] INFO  com.zaxxer.hikari.HikariDataSource                 - HikariPool-2 - Shutdown initiated...
2022-01-14 08:37:28,301 [Thread-8] INFO  com.zaxxer.hikari.HikariDataSource                 - HikariPool-2 - Shutdown completed.
2022-01-14 08:37:43,552 [restartedMain] WARN  o.springframework.boot.StartupInfoLogger           - InetAddress.getLocalHost().getHostName() took 5001 milliseconds to respond. Please verify your network configuration (macOS machines may need to add entries to /etc/hosts).
2022-01-14 08:37:48,562 [restartedMain] INFO  c.s.SpringBootSecondMiniProjectApplication         - Starting SpringBootSecondMiniProjectApplication using Java 1.8.0_271 on Sreshs-MacBook-Air.local with PID 54145 (/Users/sresh/eclipse-workspace/SpringBoot-Second-MiniProject-ForgotPassword/target/classes started by sresh in /Users/sresh/eclipse-workspace/SpringBoot-Second-MiniProject-ForgotPassword)
2022-01-14 08:37:48,563 [restartedMain] INFO  c.s.SpringBootSecondMiniProjectApplication         - No active profile set, falling back to default profiles: default
2022-01-14 08:37:48,805 [restartedMain] INFO  o.s.d.r.c.RepositoryConfigurationDelegate          - Bootstrapping Spring Data JPA repositories in DEFAULT mode.
2022-01-14 08:37:48,813 [restartedMain] INFO  o.s.d.r.c.RepositoryConfigurationDelegate          - Finished Spring Data repository scanning in 8 ms. Found 1 JPA repository interfaces.
2022-01-14 08:37:48,931 [restartedMain] INFO  o.s.b.w.embedded.tomcat.TomcatWebServer            - Tomcat initialized with port(s): 9094 (http)
2022-01-14 08:37:48,932 [restartedMain] INFO  o.apache.coyote.http11.Http11NioProtocol           - Initializing ProtocolHandler ["http-nio-9094"]
2022-01-14 08:37:48,932 [restartedMain] INFO  org.apache.catalina.core.StandardService           - Starting service [Tomcat]
2022-01-14 08:37:48,933 [restartedMain] INFO  org.apache.catalina.core.StandardEngine            - Starting Servlet engine: [Apache Tomcat/9.0.48]
2022-01-14 08:37:48,942 [restartedMain] INFO  o.a.c.c.C.[Tomcat].[localhost].[/]                 - Initializing Spring embedded WebApplicationContext
2022-01-14 08:37:48,942 [restartedMain] INFO  o.s.b.w.s.c.ServletWebServerApplicationContext     - Root WebApplicationContext: initialization completed in 374 ms
2022-01-14 08:37:48,981 [restartedMain] INFO  o.hibernate.jpa.internal.util.LogHelper            - HHH000204: Processing PersistenceUnitInfo [name: default]
2022-01-14 08:37:48,985 [restartedMain] INFO  com.zaxxer.hikari.HikariDataSource                 - HikariPool-3 - Starting...
2022-01-14 08:37:49,007 [restartedMain] INFO  com.zaxxer.hikari.HikariDataSource                 - HikariPool-3 - Start completed.
2022-01-14 08:37:49,008 [restartedMain] INFO  org.hibernate.dialect.Dialect                      - HHH000400: Using dialect: org.hibernate.dialect.MySQL8Dialect
2022-01-14 08:37:49,052 [restartedMain] INFO  o.h.e.t.j.p.i.JtaPlatformInitiator                 - HHH000490: Using JtaPlatform implementation: [org.hibernate.engine.transaction.jta.platform.internal.NoJtaPlatform]
2022-01-14 08:37:49,052 [restartedMain] INFO  o.s.o.j.LocalContainerEntityManagerFactoryBean     - Initialized JPA EntityManagerFactory for persistence unit 'default'
2022-01-14 08:37:49,229 [restartedMain] WARN  o.s.b.a.o.j.JpaBaseConfiguration$JpaWebConfiguration - spring.jpa.open-in-view is enabled by default. Therefore, database queries may be performed during view rendering. Explicitly configure spring.jpa.open-in-view to disable this warning
2022-01-14 08:37:49,297 [restartedMain] INFO  s.d.s.w.PropertySourcedRequestMappingHandlerMapping - Mapped URL path [/v2/api-docs] onto method [springfox.documentation.swagger2.web.Swagger2Controller#getDocumentation(String, HttpServletRequest)]
2022-01-14 08:37:49,352 [restartedMain] INFO  o.s.b.d.a.OptionalLiveReloadServer                 - LiveReload server is running on port 35729
2022-01-14 08:37:49,424 [restartedMain] INFO  o.apache.coyote.http11.Http11NioProtocol           - Starting ProtocolHandler ["http-nio-9094"]
2022-01-14 08:37:49,428 [restartedMain] INFO  o.s.b.w.embedded.tomcat.TomcatWebServer            - Tomcat started on port(s): 9094 (http) with context path ''
2022-01-14 08:37:49,429 [restartedMain] INFO  s.d.s.w.p.DocumentationPluginsBootstrapper         - Context refreshed
2022-01-14 08:37:49,431 [restartedMain] INFO  s.d.s.w.p.DocumentationPluginsBootstrapper         - Found 1 custom documentation plugin(s)
2022-01-14 08:37:49,439 [restartedMain] INFO  s.d.s.w.s.ApiListingReferenceScanner               - Scanning for api listing references
2022-01-14 08:37:49,453 [restartedMain] INFO  c.s.SpringBootSecondMiniProjectApplication         - Started SpringBootSecondMiniProjectApplication in 20.954 seconds (JVM running for 304.175)
2022-01-14 08:37:49,457 [restartedMain] INFO  o.s.b.d.a.ConditionEvaluationDeltaLoggingListener  - Condition evaluation unchanged
2022-01-14 08:38:54,573 [http-nio-9094-exec-1] INFO  o.a.c.c.C.[Tomcat].[localhost].[/]                 - Initializing Spring DispatcherServlet 'dispatcherServlet'
2022-01-14 08:38:54,576 [http-nio-9094-exec-1] INFO  o.s.web.servlet.DispatcherServlet                  - Initializing Servlet 'dispatcherServlet'
2022-01-14 08:38:54,581 [http-nio-9094-exec-1] INFO  o.s.web.servlet.DispatcherServlet                  - Completed initialization in 4 ms
2022-01-14 08:38:54,586 [http-nio-9094-exec-1] WARN  o.s.w.s.m.s.DefaultHandlerExceptionResolver        - Resolved [org.springframework.web.bind.MissingPathVariableException: Required URI template variable 'email' for method parameter type String is not present]
2022-01-14 08:39:24,173 [http-nio-9094-exec-9] WARN  o.s.w.s.m.s.DefaultHandlerExceptionResolver        - Resolved [org.springframework.web.bind.MissingPathVariableException: Required URI template variable 'email' for method parameter type String is not present]
2022-01-14 08:39:52,922 [Thread-12] INFO  o.s.o.j.LocalContainerEntityManagerFactoryBean     - Closing JPA EntityManagerFactory for persistence unit 'default'
2022-01-14 08:39:52,924 [Thread-12] INFO  com.zaxxer.hikari.HikariDataSource                 - HikariPool-3 - Shutdown initiated...
2022-01-14 08:39:52,936 [Thread-12] INFO  com.zaxxer.hikari.HikariDataSource                 - HikariPool-3 - Shutdown completed.
2022-01-14 08:40:08,237 [restartedMain] WARN  o.springframework.boot.StartupInfoLogger           - InetAddress.getLocalHost().getHostName() took 5011 milliseconds to respond. Please verify your network configuration (macOS machines may need to add entries to /etc/hosts).
2022-01-14 08:40:13,243 [restartedMain] INFO  c.s.SpringBootSecondMiniProjectApplication         - Starting SpringBootSecondMiniProjectApplication using Java 1.8.0_271 on Sreshs-MacBook-Air.local with PID 54145 (/Users/sresh/eclipse-workspace/SpringBoot-Second-MiniProject-ForgotPassword/target/classes started by sresh in /Users/sresh/eclipse-workspace/SpringBoot-Second-MiniProject-ForgotPassword)
2022-01-14 08:40:13,243 [restartedMain] INFO  c.s.SpringBootSecondMiniProjectApplication         - No active profile set, falling back to default profiles: default
2022-01-14 08:40:13,493 [restartedMain] INFO  o.s.d.r.c.RepositoryConfigurationDelegate          - Bootstrapping Spring Data JPA repositories in DEFAULT mode.
2022-01-14 08:40:13,501 [restartedMain] INFO  o.s.d.r.c.RepositoryConfigurationDelegate          - Finished Spring Data repository scanning in 7 ms. Found 1 JPA repository interfaces.
2022-01-14 08:40:13,615 [restartedMain] INFO  o.s.b.w.embedded.tomcat.TomcatWebServer            - Tomcat initialized with port(s): 9094 (http)
2022-01-14 08:40:13,616 [restartedMain] INFO  o.apache.coyote.http11.Http11NioProtocol           - Initializing ProtocolHandler ["http-nio-9094"]
2022-01-14 08:40:13,616 [restartedMain] INFO  org.apache.catalina.core.StandardService           - Starting service [Tomcat]
2022-01-14 08:40:13,616 [restartedMain] INFO  org.apache.catalina.core.StandardEngine            - Starting Servlet engine: [Apache Tomcat/9.0.48]
2022-01-14 08:40:13,625 [restartedMain] INFO  o.a.c.c.C.[Tomcat].[localhost].[/]                 - Initializing Spring embedded WebApplicationContext
2022-01-14 08:40:13,626 [restartedMain] INFO  o.s.b.w.s.c.ServletWebServerApplicationContext     - Root WebApplicationContext: initialization completed in 376 ms
2022-01-14 08:40:13,667 [restartedMain] INFO  o.hibernate.jpa.internal.util.LogHelper            - HHH000204: Processing PersistenceUnitInfo [name: default]
2022-01-14 08:40:13,673 [restartedMain] INFO  com.zaxxer.hikari.HikariDataSource                 - HikariPool-4 - Starting...
2022-01-14 08:40:13,694 [restartedMain] INFO  com.zaxxer.hikari.HikariDataSource                 - HikariPool-4 - Start completed.
2022-01-14 08:40:13,694 [restartedMain] INFO  org.hibernate.dialect.Dialect                      - HHH000400: Using dialect: org.hibernate.dialect.MySQL8Dialect
2022-01-14 08:40:13,734 [restartedMain] INFO  o.h.e.t.j.p.i.JtaPlatformInitiator                 - HHH000490: Using JtaPlatform implementation: [org.hibernate.engine.transaction.jta.platform.internal.NoJtaPlatform]
2022-01-14 08:40:13,734 [restartedMain] INFO  o.s.o.j.LocalContainerEntityManagerFactoryBean     - Initialized JPA EntityManagerFactory for persistence unit 'default'
2022-01-14 08:40:13,921 [restartedMain] WARN  o.s.b.a.o.j.JpaBaseConfiguration$JpaWebConfiguration - spring.jpa.open-in-view is enabled by default. Therefore, database queries may be performed during view rendering. Explicitly configure spring.jpa.open-in-view to disable this warning
2022-01-14 08:40:13,994 [restartedMain] INFO  s.d.s.w.PropertySourcedRequestMappingHandlerMapping - Mapped URL path [/v2/api-docs] onto method [springfox.documentation.swagger2.web.Swagger2Controller#getDocumentation(String, HttpServletRequest)]
2022-01-14 08:40:14,066 [restartedMain] INFO  o.s.b.d.a.OptionalLiveReloadServer                 - LiveReload server is running on port 35729
2022-01-14 08:40:14,132 [restartedMain] INFO  o.apache.coyote.http11.Http11NioProtocol           - Starting ProtocolHandler ["http-nio-9094"]
2022-01-14 08:40:14,134 [restartedMain] INFO  o.s.b.w.embedded.tomcat.TomcatWebServer            - Tomcat started on port(s): 9094 (http) with context path ''
2022-01-14 08:40:14,135 [restartedMain] INFO  s.d.s.w.p.DocumentationPluginsBootstrapper         - Context refreshed
2022-01-14 08:40:14,136 [restartedMain] INFO  s.d.s.w.p.DocumentationPluginsBootstrapper         - Found 1 custom documentation plugin(s)
2022-01-14 08:40:14,143 [restartedMain] INFO  s.d.s.w.s.ApiListingReferenceScanner               - Scanning for api listing references
2022-01-14 08:40:14,154 [restartedMain] INFO  c.s.SpringBootSecondMiniProjectApplication         - Started SpringBootSecondMiniProjectApplication in 20.981 seconds (JVM running for 448.871)
2022-01-14 08:40:14,157 [restartedMain] INFO  o.s.b.d.a.ConditionEvaluationDeltaLoggingListener  - Condition evaluation unchanged
2022-01-14 08:40:28,896 [http-nio-9094-exec-1] INFO  o.a.c.c.C.[Tomcat].[localhost].[/]                 - Initializing Spring DispatcherServlet 'dispatcherServlet'
2022-01-14 08:40:28,899 [http-nio-9094-exec-1] INFO  o.s.web.servlet.DispatcherServlet                  - Initializing Servlet 'dispatcherServlet'
2022-01-14 08:40:28,903 [http-nio-9094-exec-1] INFO  o.s.web.servlet.DispatcherServlet                  - Completed initialization in 4 ms
2022-01-14 08:43:07,105 [Thread-16] INFO  o.s.o.j.LocalContainerEntityManagerFactoryBean     - Closing JPA EntityManagerFactory for persistence unit 'default'
2022-01-14 08:43:07,107 [Thread-16] INFO  com.zaxxer.hikari.HikariDataSource                 - HikariPool-4 - Shutdown initiated...
2022-01-14 08:43:07,119 [Thread-16] INFO  com.zaxxer.hikari.HikariDataSource                 - HikariPool-4 - Shutdown completed.
2022-01-14 08:43:22,387 [restartedMain] WARN  o.springframework.boot.StartupInfoLogger           - InetAddress.getLocalHost().getHostName() took 5006 milliseconds to respond. Please verify your network configuration (macOS machines may need to add entries to /etc/hosts).
2022-01-14 08:43:27,392 [restartedMain] INFO  c.s.SpringBootSecondMiniProjectApplication         - Starting SpringBootSecondMiniProjectApplication using Java 1.8.0_271 on Sreshs-MacBook-Air.local with PID 54145 (/Users/sresh/eclipse-workspace/SpringBoot-Second-MiniProject-ForgotPassword/target/classes started by sresh in /Users/sresh/eclipse-workspace/SpringBoot-Second-MiniProject-ForgotPassword)
2022-01-14 08:43:27,393 [restartedMain] INFO  c.s.SpringBootSecondMiniProjectApplication         - No active profile set, falling back to default profiles: default
2022-01-14 08:43:27,631 [restartedMain] INFO  o.s.d.r.c.RepositoryConfigurationDelegate          - Bootstrapping Spring Data JPA repositories in DEFAULT mode.
2022-01-14 08:43:27,638 [restartedMain] INFO  o.s.d.r.c.RepositoryConfigurationDelegate          - Finished Spring Data repository scanning in 7 ms. Found 1 JPA repository interfaces.
2022-01-14 08:43:27,749 [restartedMain] INFO  o.s.b.w.embedded.tomcat.TomcatWebServer            - Tomcat initialized with port(s): 9094 (http)
2022-01-14 08:43:27,750 [restartedMain] INFO  o.apache.coyote.http11.Http11NioProtocol           - Initializing ProtocolHandler ["http-nio-9094"]
2022-01-14 08:43:27,751 [restartedMain] INFO  org.apache.catalina.core.StandardService           - Starting service [Tomcat]
2022-01-14 08:43:27,751 [restartedMain] INFO  org.apache.catalina.core.StandardEngine            - Starting Servlet engine: [Apache Tomcat/9.0.48]
2022-01-14 08:43:27,760 [restartedMain] INFO  o.a.c.c.C.[Tomcat].[localhost].[/]                 - Initializing Spring embedded WebApplicationContext
2022-01-14 08:43:27,760 [restartedMain] INFO  o.s.b.w.s.c.ServletWebServerApplicationContext     - Root WebApplicationContext: initialization completed in 363 ms
2022-01-14 08:43:27,798 [restartedMain] INFO  o.hibernate.jpa.internal.util.LogHelper            - HHH000204: Processing PersistenceUnitInfo [name: default]
2022-01-14 08:43:27,804 [restartedMain] INFO  com.zaxxer.hikari.HikariDataSource                 - HikariPool-5 - Starting...
2022-01-14 08:43:27,824 [restartedMain] INFO  com.zaxxer.hikari.HikariDataSource                 - HikariPool-5 - Start completed.
2022-01-14 08:43:27,825 [restartedMain] INFO  org.hibernate.dialect.Dialect                      - HHH000400: Using dialect: org.hibernate.dialect.MySQL8Dialect
2022-01-14 08:43:27,864 [restartedMain] INFO  o.h.e.t.j.p.i.JtaPlatformInitiator                 - HHH000490: Using JtaPlatform implementation: [org.hibernate.engine.transaction.jta.platform.internal.NoJtaPlatform]
2022-01-14 08:43:27,864 [restartedMain] INFO  o.s.o.j.LocalContainerEntityManagerFactoryBean     - Initialized JPA EntityManagerFactory for persistence unit 'default'
2022-01-14 08:43:28,029 [restartedMain] WARN  o.s.b.a.o.j.JpaBaseConfiguration$JpaWebConfiguration - spring.jpa.open-in-view is enabled by default. Therefore, database queries may be performed during view rendering. Explicitly configure spring.jpa.open-in-view to disable this warning
2022-01-14 08:43:28,079 [restartedMain] INFO  s.d.s.w.PropertySourcedRequestMappingHandlerMapping - Mapped URL path [/v2/api-docs] onto method [springfox.documentation.swagger2.web.Swagger2Controller#getDocumentation(String, HttpServletRequest)]
2022-01-14 08:43:28,132 [restartedMain] INFO  o.s.b.d.a.OptionalLiveReloadServer                 - LiveReload server is running on port 35729
2022-01-14 08:43:28,196 [restartedMain] INFO  o.apache.coyote.http11.Http11NioProtocol           - Starting ProtocolHandler ["http-nio-9094"]
2022-01-14 08:43:28,200 [restartedMain] INFO  o.s.b.w.embedded.tomcat.TomcatWebServer            - Tomcat started on port(s): 9094 (http) with context path ''
2022-01-14 08:43:28,200 [restartedMain] INFO  s.d.s.w.p.DocumentationPluginsBootstrapper         - Context refreshed
2022-01-14 08:43:28,202 [restartedMain] INFO  s.d.s.w.p.DocumentationPluginsBootstrapper         - Found 1 custom documentation plugin(s)
2022-01-14 08:43:28,209 [restartedMain] INFO  s.d.s.w.s.ApiListingReferenceScanner               - Scanning for api listing references
2022-01-14 08:43:28,220 [restartedMain] INFO  c.s.SpringBootSecondMiniProjectApplication         - Started SpringBootSecondMiniProjectApplication in 20.879 seconds (JVM running for 642.903)
2022-01-14 08:43:28,223 [restartedMain] INFO  o.s.b.d.a.ConditionEvaluationDeltaLoggingListener  - Condition evaluation unchanged
2022-01-14 08:43:38,959 [http-nio-9094-exec-1] INFO  o.a.c.c.C.[Tomcat].[localhost].[/]                 - Initializing Spring DispatcherServlet 'dispatcherServlet'
2022-01-14 08:43:38,963 [http-nio-9094-exec-1] INFO  o.s.web.servlet.DispatcherServlet                  - Initializing Servlet 'dispatcherServlet'
2022-01-14 08:43:38,965 [http-nio-9094-exec-1] INFO  o.s.web.servlet.DispatcherServlet                  - Completed initialization in 2 ms
2022-01-14 08:43:39,009 [http-nio-9094-exec-1] ERROR o.a.c.c.C.[.[.[/].[dispatcherServlet]              - Servlet.service() for servlet [dispatcherServlet] in context with path [] threw exception [Request processing failed; nested exception is java.lang.NullPointerException] with root cause
java.lang.NullPointerException: null
	at com.suresh.service.impl.ForgotServiceImpl.sendEmail(ForgotServiceImpl.java:55)
	at com.suresh.service.impl.ForgotServiceImpl.forgotPassword(ForgotServiceImpl.java:38)
	at com.suresh.controllers.ForgotController.forgot(ForgotController.java:18)
	at sun.reflect.NativeMethodAccessorImpl.invoke0(Native Method)
	at sun.reflect.NativeMethodAccessorImpl.invoke(NativeMethodAccessorImpl.java:62)
	at sun.reflect.DelegatingMethodAccessorImpl.invoke(DelegatingMethodAccessorImpl.java:43)
	at java.lang.reflect.Method.invoke(Method.java:498)
	at org.springframework.web.method.support.InvocableHandlerMethod.doInvoke(InvocableHandlerMethod.java:197)
	at org.springframework.web.method.support.InvocableHandlerMethod.invokeForRequest(InvocableHandlerMethod.java:141)
	at org.springframework.web.servlet.mvc.method.annotation.ServletInvocableHandlerMethod.invokeAndHandle(ServletInvocableHandlerMethod.java:106)
	at org.springframework.web.servlet.mvc.method.annotation.RequestMappingHandlerAdapter.invokeHandlerMethod(RequestMappingHandlerAdapter.java:894)
	at org.springframework.web.servlet.mvc.method.annotation.RequestMappingHandlerAdapter.handleInternal(RequestMappingHandlerAdapter.java:808)
	at org.springframework.web.servlet.mvc.method.AbstractHandlerMethodAdapter.handle(AbstractHandlerMethodAdapter.java:87)
	at org.springframework.web.servlet.DispatcherServlet.doDispatch(DispatcherServlet.java:1063)
	at org.springframework.web.servlet.DispatcherServlet.doService(DispatcherServlet.java:963)
	at org.springframework.web.servlet.FrameworkServlet.processRequest(FrameworkServlet.java:1006)
	at org.springframework.web.servlet.FrameworkServlet.doPost(FrameworkServlet.java:909)
	at javax.servlet.http.HttpServlet.service(HttpServlet.java:681)
	at org.springframework.web.servlet.FrameworkServlet.service(FrameworkServlet.java:883)
	at javax.servlet.http.HttpServlet.service(HttpServlet.java:764)
	at org.apache.catalina.core.ApplicationFilterChain.internalDoFilter(ApplicationFilterChain.java:228)
	at org.apache.catalina.core.ApplicationFilterChain.doFilter(ApplicationFilterChain.java:163)
	at org.apache.tomcat.websocket.server.WsFilter.doFilter(WsFilter.java:53)
	at org.apache.catalina.core.ApplicationFilterChain.internalDoFilter(ApplicationFilterChain.java:190)
	at org.apache.catalina.core.ApplicationFilterChain.doFilter(ApplicationFilterChain.java:163)
	at org.springframework.web.filter.RequestContextFilter.doFilterInternal(RequestContextFilter.java:100)
	at org.springframework.web.filter.OncePerRequestFilter.doFilter(OncePerRequestFilter.java:119)
	at org.apache.catalina.core.ApplicationFilterChain.internalDoFilter(ApplicationFilterChain.java:190)
	at org.apache.catalina.core.ApplicationFilterChain.doFilter(ApplicationFilterChain.java:163)
	at org.springframework.web.filter.FormContentFilter.doFilterInternal(FormContentFilter.java:93)
	at org.springframework.web.filter.OncePerRequestFilter.doFilter(OncePerRequestFilter.java:119)
	at org.apache.catalina.core.ApplicationFilterChain.internalDoFilter(ApplicationFilterChain.java:190)
	at org.apache.catalina.core.ApplicationFilterChain.doFilter(ApplicationFilterChain.java:163)
	at org.springframework.web.filter.CharacterEncodingFilter.doFilterInternal(CharacterEncodingFilter.java:201)
	at org.springframework.web.filter.OncePerRequestFilter.doFilter(OncePerRequestFilter.java:119)
	at org.apache.catalina.core.ApplicationFilterChain.internalDoFilter(ApplicationFilterChain.java:190)
	at org.apache.catalina.core.ApplicationFilterChain.doFilter(ApplicationFilterChain.java:163)
	at org.apache.catalina.core.StandardWrapperValve.invoke(StandardWrapperValve.java:202)
	at org.apache.catalina.core.StandardContextValve.invoke(StandardContextValve.java:97)
	at org.apache.catalina.authenticator.AuthenticatorBase.invoke(AuthenticatorBase.java:542)
	at org.apache.catalina.core.StandardHostValve.invoke(StandardHostValve.java:143)
	at org.apache.catalina.valves.ErrorReportValve.invoke(ErrorReportValve.java:92)
	at org.apache.catalina.core.StandardEngineValve.invoke(StandardEngineValve.java:78)
	at org.apache.catalina.connector.CoyoteAdapter.service(CoyoteAdapter.java:357)
	at org.apache.coyote.http11.Http11Processor.service(Http11Processor.java:382)
	at org.apache.coyote.AbstractProcessorLight.process(AbstractProcessorLight.java:65)
	at org.apache.coyote.AbstractProtocol$ConnectionHandler.process(AbstractProtocol.java:893)
	at org.apache.tomcat.util.net.NioEndpoint$SocketProcessor.doRun(NioEndpoint.java:1723)
	at org.apache.tomcat.util.net.SocketProcessorBase.run(SocketProcessorBase.java:49)
	at java.util.concurrent.ThreadPoolExecutor.runWorker(ThreadPoolExecutor.java:1149)
	at java.util.concurrent.ThreadPoolExecutor$Worker.run(ThreadPoolExecutor.java:624)
	at org.apache.tomcat.util.threads.TaskThread$WrappingRunnable.run(TaskThread.java:61)
	at java.lang.Thread.run(Thread.java:748)
2022-01-14 08:45:11,516 [Thread-20] INFO  o.s.o.j.LocalContainerEntityManagerFactoryBean     - Closing JPA EntityManagerFactory for persistence unit 'default'
2022-01-14 08:45:11,518 [Thread-20] INFO  com.zaxxer.hikari.HikariDataSource                 - HikariPool-5 - Shutdown initiated...
2022-01-14 08:45:11,526 [Thread-20] INFO  com.zaxxer.hikari.HikariDataSource                 - HikariPool-5 - Shutdown completed.
2022-01-14 08:45:26,772 [restartedMain] WARN  o.springframework.boot.StartupInfoLogger           - InetAddress.getLocalHost().getHostName() took 5003 milliseconds to respond. Please verify your network configuration (macOS machines may need to add entries to /etc/hosts).
2022-01-14 08:45:31,778 [restartedMain] INFO  c.s.SpringBootSecondMiniProjectApplication         - Starting SpringBootSecondMiniProjectApplication using Java 1.8.0_271 on Sreshs-MacBook-Air.local with PID 54145 (/Users/sresh/eclipse-workspace/SpringBoot-Second-MiniProject-ForgotPassword/target/classes started by sresh in /Users/sresh/eclipse-workspace/SpringBoot-Second-MiniProject-ForgotPassword)
2022-01-14 08:45:31,779 [restartedMain] INFO  c.s.SpringBootSecondMiniProjectApplication         - No active profile set, falling back to default profiles: default
2022-01-14 08:45:32,007 [restartedMain] INFO  o.s.d.r.c.RepositoryConfigurationDelegate          - Bootstrapping Spring Data JPA repositories in DEFAULT mode.
2022-01-14 08:45:32,017 [restartedMain] INFO  o.s.d.r.c.RepositoryConfigurationDelegate          - Finished Spring Data repository scanning in 9 ms. Found 1 JPA repository interfaces.
2022-01-14 08:45:32,134 [restartedMain] INFO  o.s.b.w.embedded.tomcat.TomcatWebServer            - Tomcat initialized with port(s): 9094 (http)
2022-01-14 08:45:32,135 [restartedMain] INFO  o.apache.coyote.http11.Http11NioProtocol           - Initializing ProtocolHandler ["http-nio-9094"]
2022-01-14 08:45:32,136 [restartedMain] INFO  org.apache.catalina.core.StandardService           - Starting service [Tomcat]
2022-01-14 08:45:32,136 [restartedMain] INFO  org.apache.catalina.core.StandardEngine            - Starting Servlet engine: [Apache Tomcat/9.0.48]
2022-01-14 08:45:32,142 [restartedMain] INFO  o.a.c.c.C.[Tomcat].[localhost].[/]                 - Initializing Spring embedded WebApplicationContext
2022-01-14 08:45:32,143 [restartedMain] INFO  o.s.b.w.s.c.ServletWebServerApplicationContext     - Root WebApplicationContext: initialization completed in 359 ms
2022-01-14 08:45:32,181 [restartedMain] INFO  o.hibernate.jpa.internal.util.LogHelper            - HHH000204: Processing PersistenceUnitInfo [name: default]
2022-01-14 08:45:32,186 [restartedMain] INFO  com.zaxxer.hikari.HikariDataSource                 - HikariPool-6 - Starting...
2022-01-14 08:45:32,207 [restartedMain] INFO  com.zaxxer.hikari.HikariDataSource                 - HikariPool-6 - Start completed.
2022-01-14 08:45:32,207 [restartedMain] INFO  org.hibernate.dialect.Dialect                      - HHH000400: Using dialect: org.hibernate.dialect.MySQL8Dialect
2022-01-14 08:45:32,250 [restartedMain] INFO  o.h.e.t.j.p.i.JtaPlatformInitiator                 - HHH000490: Using JtaPlatform implementation: [org.hibernate.engine.transaction.jta.platform.internal.NoJtaPlatform]
2022-01-14 08:45:32,251 [restartedMain] INFO  o.s.o.j.LocalContainerEntityManagerFactoryBean     - Initialized JPA EntityManagerFactory for persistence unit 'default'
2022-01-14 08:45:32,428 [restartedMain] WARN  o.s.b.a.o.j.JpaBaseConfiguration$JpaWebConfiguration - spring.jpa.open-in-view is enabled by default. Therefore, database queries may be performed during view rendering. Explicitly configure spring.jpa.open-in-view to disable this warning
2022-01-14 08:45:32,480 [restartedMain] INFO  s.d.s.w.PropertySourcedRequestMappingHandlerMapping - Mapped URL path [/v2/api-docs] onto method [springfox.documentation.swagger2.web.Swagger2Controller#getDocumentation(String, HttpServletRequest)]
2022-01-14 08:45:32,529 [restartedMain] INFO  o.s.b.d.a.OptionalLiveReloadServer                 - LiveReload server is running on port 35729
2022-01-14 08:45:32,597 [restartedMain] INFO  o.apache.coyote.http11.Http11NioProtocol           - Starting ProtocolHandler ["http-nio-9094"]
2022-01-14 08:45:32,600 [restartedMain] INFO  o.s.b.w.embedded.tomcat.TomcatWebServer            - Tomcat started on port(s): 9094 (http) with context path ''
2022-01-14 08:45:32,601 [restartedMain] INFO  s.d.s.w.p.DocumentationPluginsBootstrapper         - Context refreshed
2022-01-14 08:45:32,602 [restartedMain] INFO  s.d.s.w.p.DocumentationPluginsBootstrapper         - Found 1 custom documentation plugin(s)
2022-01-14 08:45:32,611 [restartedMain] INFO  s.d.s.w.s.ApiListingReferenceScanner               - Scanning for api listing references
2022-01-14 08:45:32,624 [restartedMain] INFO  c.s.SpringBootSecondMiniProjectApplication         - Started SpringBootSecondMiniProjectApplication in 20.912 seconds (JVM running for 767.304)
2022-01-14 08:45:32,627 [restartedMain] INFO  o.s.b.d.a.ConditionEvaluationDeltaLoggingListener  - Condition evaluation unchanged
2022-01-14 08:45:34,031 [Thread-24] INFO  o.s.o.j.LocalContainerEntityManagerFactoryBean     - Closing JPA EntityManagerFactory for persistence unit 'default'
2022-01-14 08:45:34,034 [Thread-24] INFO  com.zaxxer.hikari.HikariDataSource                 - HikariPool-6 - Shutdown initiated...
2022-01-14 08:45:34,043 [Thread-24] INFO  com.zaxxer.hikari.HikariDataSource                 - HikariPool-6 - Shutdown completed.
2022-01-14 08:45:49,259 [restartedMain] WARN  o.springframework.boot.StartupInfoLogger           - InetAddress.getLocalHost().getHostName() took 5001 milliseconds to respond. Please verify your network configuration (macOS machines may need to add entries to /etc/hosts).
2022-01-14 08:45:54,264 [restartedMain] INFO  c.s.SpringBootSecondMiniProjectApplication         - Starting SpringBootSecondMiniProjectApplication using Java 1.8.0_271 on Sreshs-MacBook-Air.local with PID 54145 (/Users/sresh/eclipse-workspace/SpringBoot-Second-MiniProject-ForgotPassword/target/classes started by sresh in /Users/sresh/eclipse-workspace/SpringBoot-Second-MiniProject-ForgotPassword)
2022-01-14 08:45:54,265 [restartedMain] INFO  c.s.SpringBootSecondMiniProjectApplication         - No active profile set, falling back to default profiles: default
2022-01-14 08:45:54,478 [restartedMain] INFO  o.s.d.r.c.RepositoryConfigurationDelegate          - Bootstrapping Spring Data JPA repositories in DEFAULT mode.
2022-01-14 08:45:54,486 [restartedMain] INFO  o.s.d.r.c.RepositoryConfigurationDelegate          - Finished Spring Data repository scanning in 7 ms. Found 1 JPA repository interfaces.
2022-01-14 08:45:54,588 [restartedMain] INFO  o.s.b.w.embedded.tomcat.TomcatWebServer            - Tomcat initialized with port(s): 9094 (http)
2022-01-14 08:45:54,589 [restartedMain] INFO  o.apache.coyote.http11.Http11NioProtocol           - Initializing ProtocolHandler ["http-nio-9094"]
2022-01-14 08:45:54,590 [restartedMain] INFO  org.apache.catalina.core.StandardService           - Starting service [Tomcat]
2022-01-14 08:45:54,590 [restartedMain] INFO  org.apache.catalina.core.StandardEngine            - Starting Servlet engine: [Apache Tomcat/9.0.48]
2022-01-14 08:45:54,600 [restartedMain] INFO  o.a.c.c.C.[Tomcat].[localhost].[/]                 - Initializing Spring embedded WebApplicationContext
2022-01-14 08:45:54,600 [restartedMain] INFO  o.s.b.w.s.c.ServletWebServerApplicationContext     - Root WebApplicationContext: initialization completed in 331 ms
2022-01-14 08:45:54,636 [restartedMain] INFO  o.hibernate.jpa.internal.util.LogHelper            - HHH000204: Processing PersistenceUnitInfo [name: default]
2022-01-14 08:45:54,641 [restartedMain] INFO  com.zaxxer.hikari.HikariDataSource                 - HikariPool-7 - Starting...
2022-01-14 08:45:54,660 [restartedMain] INFO  com.zaxxer.hikari.HikariDataSource                 - HikariPool-7 - Start completed.
2022-01-14 08:45:54,660 [restartedMain] INFO  org.hibernate.dialect.Dialect                      - HHH000400: Using dialect: org.hibernate.dialect.MySQL8Dialect
2022-01-14 08:45:54,693 [restartedMain] INFO  o.h.e.t.j.p.i.JtaPlatformInitiator                 - HHH000490: Using JtaPlatform implementation: [org.hibernate.engine.transaction.jta.platform.internal.NoJtaPlatform]
2022-01-14 08:45:54,694 [restartedMain] INFO  o.s.o.j.LocalContainerEntityManagerFactoryBean     - Initialized JPA EntityManagerFactory for persistence unit 'default'
2022-01-14 08:45:54,857 [restartedMain] WARN  o.s.b.a.o.j.JpaBaseConfiguration$JpaWebConfiguration - spring.jpa.open-in-view is enabled by default. Therefore, database queries may be performed during view rendering. Explicitly configure spring.jpa.open-in-view to disable this warning
2022-01-14 08:45:54,907 [restartedMain] INFO  s.d.s.w.PropertySourcedRequestMappingHandlerMapping - Mapped URL path [/v2/api-docs] onto method [springfox.documentation.swagger2.web.Swagger2Controller#getDocumentation(String, HttpServletRequest)]
2022-01-14 08:45:54,962 [restartedMain] INFO  o.s.b.d.a.OptionalLiveReloadServer                 - LiveReload server is running on port 35729
2022-01-14 08:45:55,023 [restartedMain] INFO  o.apache.coyote.http11.Http11NioProtocol           - Starting ProtocolHandler ["http-nio-9094"]
2022-01-14 08:45:55,028 [restartedMain] INFO  o.s.b.w.embedded.tomcat.TomcatWebServer            - Tomcat started on port(s): 9094 (http) with context path ''
2022-01-14 08:45:55,028 [restartedMain] INFO  s.d.s.w.p.DocumentationPluginsBootstrapper         - Context refreshed
2022-01-14 08:45:55,029 [restartedMain] INFO  s.d.s.w.p.DocumentationPluginsBootstrapper         - Found 1 custom documentation plugin(s)
2022-01-14 08:45:55,034 [restartedMain] INFO  s.d.s.w.s.ApiListingReferenceScanner               - Scanning for api listing references
2022-01-14 08:45:55,045 [restartedMain] INFO  c.s.SpringBootSecondMiniProjectApplication         - Started SpringBootSecondMiniProjectApplication in 20.835 seconds (JVM running for 789.724)
2022-01-14 08:45:55,048 [restartedMain] INFO  o.s.b.d.a.ConditionEvaluationDeltaLoggingListener  - Condition evaluation unchanged
2022-01-14 08:45:56,551 [http-nio-9094-exec-1] INFO  o.a.c.c.C.[Tomcat].[localhost].[/]                 - Initializing Spring DispatcherServlet 'dispatcherServlet'
2022-01-14 08:45:56,554 [http-nio-9094-exec-1] INFO  o.s.web.servlet.DispatcherServlet                  - Initializing Servlet 'dispatcherServlet'
2022-01-14 08:45:56,557 [http-nio-9094-exec-1] INFO  o.s.web.servlet.DispatcherServlet                  - Completed initialization in 3 ms
2022-01-14 08:49:45,549 [Thread-28] INFO  o.s.o.j.LocalContainerEntityManagerFactoryBean     - Closing JPA EntityManagerFactory for persistence unit 'default'
2022-01-14 08:49:45,550 [Thread-28] INFO  com.zaxxer.hikari.HikariDataSource                 - HikariPool-7 - Shutdown initiated...
2022-01-14 08:49:45,560 [Thread-28] INFO  com.zaxxer.hikari.HikariDataSource                 - HikariPool-7 - Shutdown completed.
2022-01-14 08:50:00,811 [restartedMain] WARN  o.springframework.boot.StartupInfoLogger           - InetAddress.getLocalHost().getHostName() took 5007 milliseconds to respond. Please verify your network configuration (macOS machines may need to add entries to /etc/hosts).
2022-01-14 08:50:05,818 [restartedMain] INFO  c.s.SpringBootSecondMiniProjectApplication         - Starting SpringBootSecondMiniProjectApplication using Java 1.8.0_271 on Sreshs-MacBook-Air.local with PID 54145 (/Users/sresh/eclipse-workspace/SpringBoot-Second-MiniProject-ForgotPassword/target/classes started by sresh in /Users/sresh/eclipse-workspace/SpringBoot-Second-MiniProject-ForgotPassword)
2022-01-14 08:50:05,818 [restartedMain] INFO  c.s.SpringBootSecondMiniProjectApplication         - No active profile set, falling back to default profiles: default
2022-01-14 08:50:06,067 [restartedMain] INFO  o.s.d.r.c.RepositoryConfigurationDelegate          - Bootstrapping Spring Data JPA repositories in DEFAULT mode.
2022-01-14 08:50:06,074 [restartedMain] INFO  o.s.d.r.c.RepositoryConfigurationDelegate          - Finished Spring Data repository scanning in 6 ms. Found 1 JPA repository interfaces.
2022-01-14 08:50:06,175 [restartedMain] INFO  o.s.b.w.embedded.tomcat.TomcatWebServer            - Tomcat initialized with port(s): 9094 (http)
2022-01-14 08:50:06,176 [restartedMain] INFO  o.apache.coyote.http11.Http11NioProtocol           - Initializing ProtocolHandler ["http-nio-9094"]
2022-01-14 08:50:06,176 [restartedMain] INFO  org.apache.catalina.core.StandardService           - Starting service [Tomcat]
2022-01-14 08:50:06,176 [restartedMain] INFO  org.apache.catalina.core.StandardEngine            - Starting Servlet engine: [Apache Tomcat/9.0.48]
2022-01-14 08:50:06,182 [restartedMain] INFO  o.a.c.c.C.[Tomcat].[localhost].[/]                 - Initializing Spring embedded WebApplicationContext
2022-01-14 08:50:06,183 [restartedMain] INFO  o.s.b.w.s.c.ServletWebServerApplicationContext     - Root WebApplicationContext: initialization completed in 360 ms
2022-01-14 08:50:06,218 [restartedMain] INFO  o.hibernate.jpa.internal.util.LogHelper            - HHH000204: Processing PersistenceUnitInfo [name: default]
2022-01-14 08:50:06,222 [restartedMain] INFO  com.zaxxer.hikari.HikariDataSource                 - HikariPool-8 - Starting...
2022-01-14 08:50:06,240 [restartedMain] INFO  com.zaxxer.hikari.HikariDataSource                 - HikariPool-8 - Start completed.
2022-01-14 08:50:06,241 [restartedMain] INFO  org.hibernate.dialect.Dialect                      - HHH000400: Using dialect: org.hibernate.dialect.MySQL8Dialect
2022-01-14 08:50:06,274 [restartedMain] INFO  o.h.e.t.j.p.i.JtaPlatformInitiator                 - HHH000490: Using JtaPlatform implementation: [org.hibernate.engine.transaction.jta.platform.internal.NoJtaPlatform]
2022-01-14 08:50:06,275 [restartedMain] INFO  o.s.o.j.LocalContainerEntityManagerFactoryBean     - Initialized JPA EntityManagerFactory for persistence unit 'default'
2022-01-14 08:50:06,445 [restartedMain] WARN  o.s.b.a.o.j.JpaBaseConfiguration$JpaWebConfiguration - spring.jpa.open-in-view is enabled by default. Therefore, database queries may be performed during view rendering. Explicitly configure spring.jpa.open-in-view to disable this warning
2022-01-14 08:50:06,491 [restartedMain] INFO  s.d.s.w.PropertySourcedRequestMappingHandlerMapping - Mapped URL path [/v2/api-docs] onto method [springfox.documentation.swagger2.web.Swagger2Controller#getDocumentation(String, HttpServletRequest)]
2022-01-14 08:50:06,544 [restartedMain] INFO  o.s.b.d.a.OptionalLiveReloadServer                 - LiveReload server is running on port 35729
2022-01-14 08:50:06,603 [restartedMain] INFO  o.apache.coyote.http11.Http11NioProtocol           - Starting ProtocolHandler ["http-nio-9094"]
2022-01-14 08:50:06,606 [restartedMain] INFO  o.s.b.w.embedded.tomcat.TomcatWebServer            - Tomcat started on port(s): 9094 (http) with context path ''
2022-01-14 08:50:06,607 [restartedMain] INFO  s.d.s.w.p.DocumentationPluginsBootstrapper         - Context refreshed
2022-01-14 08:50:06,610 [restartedMain] INFO  s.d.s.w.p.DocumentationPluginsBootstrapper         - Found 1 custom documentation plugin(s)
2022-01-14 08:50:06,615 [restartedMain] INFO  s.d.s.w.s.ApiListingReferenceScanner               - Scanning for api listing references
2022-01-14 08:50:06,626 [restartedMain] INFO  c.s.SpringBootSecondMiniProjectApplication         - Started SpringBootSecondMiniProjectApplication in 20.858 seconds (JVM running for 1041.297)
2022-01-14 08:50:06,627 [restartedMain] INFO  o.s.b.d.a.ConditionEvaluationDeltaLoggingListener  - Condition evaluation unchanged
2022-01-14 08:50:15,096 [Thread-32] INFO  o.s.o.j.LocalContainerEntityManagerFactoryBean     - Closing JPA EntityManagerFactory for persistence unit 'default'
2022-01-14 08:50:15,100 [Thread-32] INFO  com.zaxxer.hikari.HikariDataSource                 - HikariPool-8 - Shutdown initiated...
2022-01-14 08:50:15,112 [Thread-32] INFO  com.zaxxer.hikari.HikariDataSource                 - HikariPool-8 - Shutdown completed.
2022-01-14 08:50:30,452 [restartedMain] WARN  o.springframework.boot.StartupInfoLogger           - InetAddress.getLocalHost().getHostName() took 5003 milliseconds to respond. Please verify your network configuration (macOS machines may need to add entries to /etc/hosts).
2022-01-14 08:50:35,460 [restartedMain] INFO  c.s.SpringBootSecondMiniProjectApplication         - Starting SpringBootSecondMiniProjectApplication using Java 1.8.0_271 on Sreshs-MacBook-Air.local with PID 54145 (/Users/sresh/eclipse-workspace/SpringBoot-Second-MiniProject-ForgotPassword/target/classes started by sresh in /Users/sresh/eclipse-workspace/SpringBoot-Second-MiniProject-ForgotPassword)
2022-01-14 08:50:35,460 [restartedMain] INFO  c.s.SpringBootSecondMiniProjectApplication         - No active profile set, falling back to default profiles: default
2022-01-14 08:50:35,692 [restartedMain] INFO  o.s.d.r.c.RepositoryConfigurationDelegate          - Bootstrapping Spring Data JPA repositories in DEFAULT mode.
2022-01-14 08:50:35,700 [restartedMain] INFO  o.s.d.r.c.RepositoryConfigurationDelegate          - Finished Spring Data repository scanning in 7 ms. Found 1 JPA repository interfaces.
2022-01-14 08:50:35,790 [restartedMain] INFO  o.s.b.w.embedded.tomcat.TomcatWebServer            - Tomcat initialized with port(s): 9094 (http)
2022-01-14 08:50:35,790 [restartedMain] INFO  o.apache.coyote.http11.Http11NioProtocol           - Initializing ProtocolHandler ["http-nio-9094"]
2022-01-14 08:50:35,791 [restartedMain] INFO  org.apache.catalina.core.StandardService           - Starting service [Tomcat]
2022-01-14 08:50:35,791 [restartedMain] INFO  org.apache.catalina.core.StandardEngine            - Starting Servlet engine: [Apache Tomcat/9.0.48]
2022-01-14 08:50:35,797 [restartedMain] INFO  o.a.c.c.C.[Tomcat].[localhost].[/]                 - Initializing Spring embedded WebApplicationContext
2022-01-14 08:50:35,797 [restartedMain] INFO  o.s.b.w.s.c.ServletWebServerApplicationContext     - Root WebApplicationContext: initialization completed in 332 ms
2022-01-14 08:50:35,836 [restartedMain] INFO  o.hibernate.jpa.internal.util.LogHelper            - HHH000204: Processing PersistenceUnitInfo [name: default]
2022-01-14 08:50:35,840 [restartedMain] INFO  com.zaxxer.hikari.HikariDataSource                 - HikariPool-9 - Starting...
2022-01-14 08:50:35,869 [restartedMain] INFO  com.zaxxer.hikari.HikariDataSource                 - HikariPool-9 - Start completed.
2022-01-14 08:50:35,870 [restartedMain] INFO  org.hibernate.dialect.Dialect                      - HHH000400: Using dialect: org.hibernate.dialect.MySQL8Dialect
2022-01-14 08:50:35,907 [restartedMain] INFO  o.h.e.t.j.p.i.JtaPlatformInitiator                 - HHH000490: Using JtaPlatform implementation: [org.hibernate.engine.transaction.jta.platform.internal.NoJtaPlatform]
2022-01-14 08:50:35,908 [restartedMain] INFO  o.s.o.j.LocalContainerEntityManagerFactoryBean     - Initialized JPA EntityManagerFactory for persistence unit 'default'
2022-01-14 08:50:36,060 [restartedMain] WARN  o.s.b.a.o.j.JpaBaseConfiguration$JpaWebConfiguration - spring.jpa.open-in-view is enabled by default. Therefore, database queries may be performed during view rendering. Explicitly configure spring.jpa.open-in-view to disable this warning
2022-01-14 08:50:36,114 [restartedMain] INFO  s.d.s.w.PropertySourcedRequestMappingHandlerMapping - Mapped URL path [/v2/api-docs] onto method [springfox.documentation.swagger2.web.Swagger2Controller#getDocumentation(String, HttpServletRequest)]
2022-01-14 08:50:36,167 [restartedMain] INFO  o.s.b.d.a.OptionalLiveReloadServer                 - LiveReload server is running on port 35729
2022-01-14 08:50:36,228 [restartedMain] INFO  o.apache.coyote.http11.Http11NioProtocol           - Starting ProtocolHandler ["http-nio-9094"]
2022-01-14 08:50:36,230 [restartedMain] INFO  o.s.b.w.embedded.tomcat.TomcatWebServer            - Tomcat started on port(s): 9094 (http) with context path ''
2022-01-14 08:50:36,231 [restartedMain] INFO  s.d.s.w.p.DocumentationPluginsBootstrapper         - Context refreshed
2022-01-14 08:50:36,232 [restartedMain] INFO  s.d.s.w.p.DocumentationPluginsBootstrapper         - Found 1 custom documentation plugin(s)
2022-01-14 08:50:36,236 [restartedMain] INFO  s.d.s.w.s.ApiListingReferenceScanner               - Scanning for api listing references
2022-01-14 08:50:36,248 [restartedMain] INFO  c.s.SpringBootSecondMiniProjectApplication         - Started SpringBootSecondMiniProjectApplication in 20.861 seconds (JVM running for 1070.919)
2022-01-14 08:50:36,250 [restartedMain] INFO  o.s.b.d.a.ConditionEvaluationDeltaLoggingListener  - Condition evaluation unchanged
2022-01-14 08:50:37,656 [Thread-36] INFO  o.s.o.j.LocalContainerEntityManagerFactoryBean     - Closing JPA EntityManagerFactory for persistence unit 'default'
2022-01-14 08:50:37,659 [Thread-36] INFO  com.zaxxer.hikari.HikariDataSource                 - HikariPool-9 - Shutdown initiated...
2022-01-14 08:50:37,670 [Thread-36] INFO  com.zaxxer.hikari.HikariDataSource                 - HikariPool-9 - Shutdown completed.
2022-01-14 08:50:52,868 [restartedMain] WARN  o.springframework.boot.StartupInfoLogger           - InetAddress.getLocalHost().getHostName() took 5002 milliseconds to respond. Please verify your network configuration (macOS machines may need to add entries to /etc/hosts).
2022-01-14 08:50:57,872 [restartedMain] INFO  c.s.SpringBootSecondMiniProjectApplication         - Starting SpringBootSecondMiniProjectApplication using Java 1.8.0_271 on Sreshs-MacBook-Air.local with PID 54145 (/Users/sresh/eclipse-workspace/SpringBoot-Second-MiniProject-ForgotPassword/target/classes started by sresh in /Users/sresh/eclipse-workspace/SpringBoot-Second-MiniProject-ForgotPassword)
2022-01-14 08:50:57,873 [restartedMain] INFO  c.s.SpringBootSecondMiniProjectApplication         - No active profile set, falling back to default profiles: default
2022-01-14 08:50:58,191 [restartedMain] INFO  o.s.d.r.c.RepositoryConfigurationDelegate          - Bootstrapping Spring Data JPA repositories in DEFAULT mode.
2022-01-14 08:50:58,202 [restartedMain] INFO  o.s.d.r.c.RepositoryConfigurationDelegate          - Finished Spring Data repository scanning in 10 ms. Found 1 JPA repository interfaces.
2022-01-14 08:50:58,352 [restartedMain] INFO  o.s.b.w.embedded.tomcat.TomcatWebServer            - Tomcat initialized with port(s): 9094 (http)
2022-01-14 08:50:58,354 [restartedMain] INFO  o.apache.coyote.http11.Http11NioProtocol           - Initializing ProtocolHandler ["http-nio-9094"]
2022-01-14 08:50:58,354 [restartedMain] INFO  org.apache.catalina.core.StandardService           - Starting service [Tomcat]
2022-01-14 08:50:58,354 [restartedMain] INFO  org.apache.catalina.core.StandardEngine            - Starting Servlet engine: [Apache Tomcat/9.0.48]
2022-01-14 08:50:58,363 [restartedMain] INFO  o.a.c.c.C.[Tomcat].[localhost].[/]                 - Initializing Spring embedded WebApplicationContext
2022-01-14 08:50:58,363 [restartedMain] INFO  o.s.b.w.s.c.ServletWebServerApplicationContext     - Root WebApplicationContext: initialization completed in 487 ms
2022-01-14 08:50:58,421 [restartedMain] INFO  o.hibernate.jpa.internal.util.LogHelper            - HHH000204: Processing PersistenceUnitInfo [name: default]
2022-01-14 08:50:58,426 [restartedMain] INFO  com.zaxxer.hikari.HikariDataSource                 - HikariPool-10 - Starting...
2022-01-14 08:50:58,450 [restartedMain] INFO  com.zaxxer.hikari.HikariDataSource                 - HikariPool-10 - Start completed.
2022-01-14 08:50:58,451 [restartedMain] INFO  org.hibernate.dialect.Dialect                      - HHH000400: Using dialect: org.hibernate.dialect.MySQL8Dialect
2022-01-14 08:50:58,511 [restartedMain] INFO  o.h.e.t.j.p.i.JtaPlatformInitiator                 - HHH000490: Using JtaPlatform implementation: [org.hibernate.engine.transaction.jta.platform.internal.NoJtaPlatform]
2022-01-14 08:50:58,511 [restartedMain] INFO  o.s.o.j.LocalContainerEntityManagerFactoryBean     - Initialized JPA EntityManagerFactory for persistence unit 'default'
2022-01-14 08:50:58,797 [restartedMain] WARN  o.s.b.a.o.j.JpaBaseConfiguration$JpaWebConfiguration - spring.jpa.open-in-view is enabled by default. Therefore, database queries may be performed during view rendering. Explicitly configure spring.jpa.open-in-view to disable this warning
2022-01-14 08:50:58,860 [restartedMain] INFO  s.d.s.w.PropertySourcedRequestMappingHandlerMapping - Mapped URL path [/v2/api-docs] onto method [springfox.documentation.swagger2.web.Swagger2Controller#getDocumentation(String, HttpServletRequest)]
2022-01-14 08:50:58,952 [restartedMain] INFO  o.s.b.d.a.OptionalLiveReloadServer                 - LiveReload server is running on port 35729
2022-01-14 08:50:59,020 [restartedMain] INFO  o.apache.coyote.http11.Http11NioProtocol           - Starting ProtocolHandler ["http-nio-9094"]
2022-01-14 08:50:59,023 [restartedMain] INFO  o.s.b.w.embedded.tomcat.TomcatWebServer            - Tomcat started on port(s): 9094 (http) with context path ''
2022-01-14 08:50:59,023 [restartedMain] INFO  s.d.s.w.p.DocumentationPluginsBootstrapper         - Context refreshed
2022-01-14 08:50:59,025 [restartedMain] INFO  s.d.s.w.p.DocumentationPluginsBootstrapper         - Found 1 custom documentation plugin(s)
2022-01-14 08:50:59,031 [restartedMain] INFO  s.d.s.w.s.ApiListingReferenceScanner               - Scanning for api listing references
2022-01-14 08:50:59,042 [restartedMain] INFO  c.s.SpringBootSecondMiniProjectApplication         - Started SpringBootSecondMiniProjectApplication in 21.214 seconds (JVM running for 1093.712)
2022-01-14 08:50:59,046 [restartedMain] INFO  o.s.b.d.a.ConditionEvaluationDeltaLoggingListener  - Condition evaluation unchanged
2022-01-14 08:51:16,844 [http-nio-9094-exec-1] INFO  o.a.c.c.C.[Tomcat].[localhost].[/]                 - Initializing Spring DispatcherServlet 'dispatcherServlet'
2022-01-14 08:51:16,847 [http-nio-9094-exec-1] INFO  o.s.web.servlet.DispatcherServlet                  - Initializing Servlet 'dispatcherServlet'
2022-01-14 08:51:16,850 [http-nio-9094-exec-1] INFO  o.s.web.servlet.DispatcherServlet                  - Completed initialization in 3 ms
2022-01-14 08:59:03,266 [RMI TCP Connection(2)-127.0.0.1] INFO  o.s.b.a.SpringApplicationAdminMXBeanRegistrar$SpringApplicationAdmin - Application shutdown requested.
2022-01-14 08:59:03,296 [RMI TCP Connection(2)-127.0.0.1] INFO  o.s.o.j.LocalContainerEntityManagerFactoryBean     - Closing JPA EntityManagerFactory for persistence unit 'default'
2022-01-14 08:59:03,299 [RMI TCP Connection(2)-127.0.0.1] INFO  com.zaxxer.hikari.HikariDataSource                 - HikariPool-10 - Shutdown initiated...
2022-01-14 08:59:03,310 [RMI TCP Connection(2)-127.0.0.1] INFO  com.zaxxer.hikari.HikariDataSource                 - HikariPool-10 - Shutdown completed.
